E:\COCOS2D-X-2.2.6\PROJECTS\KILLFRUIT\PROJ.WIN32\DEBUG.WIN32\APPDELEGATE.OBJ
E:\COCOS2D-X-2.2.6\PROJECTS\KILLFRUIT\PROJ.WIN32\DEBUG.WIN32\HELLOWORLDSCENE.OBJ
E:\COCOS2D-X-2.2.6\PROJECTS\KILLFRUIT\PROJ.WIN32\DEBUG.WIN32\MAIN.OBJ
E:\COCOS2D-X-2.2.6\PROJECTS\KILLFRUIT\PROJ.WIN32\DEBUG.WIN32\VC110.PDB
E:\COCOS2D-X-2.2.6\PROJECTS\KILLFRUIT\PROJ.WIN32\DEBUG.WIN32\UI.OBJ
E:\COCOS2D-X-2.2.6\PROJECTS\KILLFRUIT\PROJ.WIN32\DEBUG.WIN32\GAME.OBJ
E:\COCOS2D-X-2.2.6\PROJECTS\KILLFRUIT\PROJ.WIN32\DEBUG.WIN32\TITLE.OBJ
E:\COCOS2D-X-2.2.6\PROJECTS\KILLFRUIT\PROJ.WIN32\DEBUG.WIN32\GAMELEVEL.OBJ
E:\COCOS2D-X-2.2.6\PROJECTS\KILLFRUIT\PROJ.WIN32\DEBUG.WIN32\STARTANIM.OBJ
E:\COCOS2D-X-2.2.6\PROJECTS\KILLFRUIT\PROJ.WIN32\DEBUG.WIN32\GAMEMESSAGEUI.OBJ
E:\COCOS2D-X-2.2.6\PROJECTS\KILLFRUIT\PROJ.WIN32\DEBUG.WIN32\STARMANAGER.OBJ
E:\COCOS2D-X-2.2.6\PROJECTS\KILLFRUIT\PROJ.WIN32\DEBUG.WIN32\STAR.OBJ
E:\COCOS2D-X-2.2.6\PROJECTS\KILLFRUIT\PROJ.WIN32\DEBUG.WIN32\RANDOMARR.OBJ
E:\COCOS2D-X-2.2.6\PROJECTS\KILLFRUIT\PROJ.WIN32\DEBUG.WIN32\STARSBOARD.OBJ
E:\COCOS2D-X-2.2.6\PROJECTS\KILLFRUIT\PROJ.WIN32\DEBUG.WIN32\TEST.OBJ
E:\COCOS2D-X-2.2.6\PROJECTS\KILLFRUIT\PROJ.WIN32\DEBUG.WIN32\STARSPOSITION.OBJ
E:\COCOS2D-X-2.2.6\PROJECTS\KILLFRUIT\PROJ.WIN32\DEBUG.WIN32\KILLFRUIT.ILK
E:\COCOS2D-X-2.2.6\PROJECTS\KILLFRUIT\PROJ.WIN32\DEBUG.WIN32\KILLFRUIT.EXE
E:\COCOS2D-X-2.2.6\PROJECTS\KILLFRUIT\PROJ.WIN32\DEBUG.WIN32\KILLFRUIT.PDB
E:\cocos2d-x-2.2.6\projects\killFruit\proj.win32\Debug.win32\AppDelegate.obj
E:\cocos2d-x-2.2.6\projects\killFruit\proj.win32\Debug.win32\Game.obj
E:\cocos2d-x-2.2.6\projects\killFruit\proj.win32\Debug.win32\GameLevel.obj
E:\cocos2d-x-2.2.6\projects\killFruit\proj.win32\Debug.win32\GameMessageUI.obj
E:\cocos2d-x-2.2.6\projects\killFruit\proj.win32\Debug.win32\HelloWorldScene.obj
E:\cocos2d-x-2.2.6\projects\killFruit\proj.win32\Debug.win32\main.obj
E:\cocos2d-x-2.2.6\projects\killFruit\proj.win32\Debug.win32\RandomArr.obj
E:\cocos2d-x-2.2.6\projects\killFruit\proj.win32\Debug.win32\Star.obj
E:\cocos2d-x-2.2.6\projects\killFruit\proj.win32\Debug.win32\StarManager.obj
E:\cocos2d-x-2.2.6\projects\killFruit\proj.win32\Debug.win32\StarsBoard.obj
E:\cocos2d-x-2.2.6\projects\killFruit\proj.win32\Debug.win32\StarsPosition.obj
E:\cocos2d-x-2.2.6\projects\killFruit\proj.win32\Debug.win32\StartAnim.obj
E:\cocos2d-x-2.2.6\projects\killFruit\proj.win32\Debug.win32\Test.obj
E:\cocos2d-x-2.2.6\projects\killFruit\proj.win32\Debug.win32\Title.obj
E:\cocos2d-x-2.2.6\projects\killFruit\proj.win32\Debug.win32\UI.obj
E:\cocos2d-x-2.2.6\projects\killFruit\proj.win32\Debug.win32\killFruit.ilk
E:\cocos2d-x-2.2.6\projects\killFruit\proj.win32\Debug.win32\libExtensions.ilk
E:\cocos2d-x-2.2.6\projects\killFruit\proj.win32\Debug.win32\cl.command.1.tlog
E:\cocos2d-x-2.2.6\projects\killFruit\proj.win32\Debug.win32\CL.read.1.tlog
E:\cocos2d-x-2.2.6\projects\killFruit\proj.win32\Debug.win32\CL.write.1.tlog
E:\cocos2d-x-2.2.6\projects\killFruit\proj.win32\Debug.win32\link-cvtres.read.1.tlog
E:\cocos2d-x-2.2.6\projects\killFruit\proj.win32\Debug.win32\link-cvtres.write.1.tlog
E:\cocos2d-x-2.2.6\projects\killFruit\proj.win32\Debug.win32\link-rc.read.1.tlog
E:\cocos2d-x-2.2.6\projects\killFruit\proj.win32\Debug.win32\link-rc.write.1.tlog
E:\cocos2d-x-2.2.6\projects\killFruit\proj.win32\Debug.win32\link.14036-cvtres.read.1.tlog
E:\cocos2d-x-2.2.6\projects\killFruit\proj.win32\Debug.win32\link.14036-cvtres.write.1.tlog
E:\cocos2d-x-2.2.6\projects\killFruit\proj.win32\Debug.win32\link.14036-rc.read.1.tlog
E:\cocos2d-x-2.2.6\projects\killFruit\proj.win32\Debug.win32\link.14036-rc.write.1.tlog
E:\cocos2d-x-2.2.6\projects\killFruit\proj.win32\Debug.win32\link.14036.read.1.tlog
E:\cocos2d-x-2.2.6\projects\killFruit\proj.win32\Debug.win32\link.14036.write.1.tlog
E:\cocos2d-x-2.2.6\projects\killFruit\proj.win32\Debug.win32\link.15244-cvtres.read.1.tlog
E:\cocos2d-x-2.2.6\projects\killFruit\proj.win32\Debug.win32\link.15244-cvtres.write.1.tlog
E:\cocos2d-x-2.2.6\projects\killFruit\proj.win32\Debug.win32\link.15244-rc.read.1.tlog
E:\cocos2d-x-2.2.6\projects\killFruit\proj.win32\Debug.win32\link.15244-rc.write.1.tlog
E:\cocos2d-x-2.2.6\projects\killFruit\proj.win32\Debug.win32\link.15244.read.1.tlog
E:\cocos2d-x-2.2.6\projects\killFruit\proj.win32\Debug.win32\link.15244.write.1.tlog
E:\cocos2d-x-2.2.6\projects\killFruit\proj.win32\Debug.win32\link.16480-cvtres.read.1.tlog
E:\cocos2d-x-2.2.6\projects\killFruit\proj.win32\Debug.win32\link.16480-cvtres.write.1.tlog
E:\cocos2d-x-2.2.6\projects\killFruit\proj.win32\Debug.win32\link.16480-rc.read.1.tlog
E:\cocos2d-x-2.2.6\projects\killFruit\proj.win32\Debug.win32\link.16480-rc.write.1.tlog
E:\cocos2d-x-2.2.6\projects\killFruit\proj.win32\Debug.win32\link.16480.read.1.tlog
E:\cocos2d-x-2.2.6\projects\killFruit\proj.win32\Debug.win32\link.16480.write.1.tlog
E:\cocos2d-x-2.2.6\projects\killFruit\proj.win32\Debug.win32\link.16604-cvtres.read.1.tlog
E:\cocos2d-x-2.2.6\projects\killFruit\proj.win32\Debug.win32\link.16604-cvtres.write.1.tlog
E:\cocos2d-x-2.2.6\projects\killFruit\proj.win32\Debug.win32\link.16604-rc.read.1.tlog
E:\cocos2d-x-2.2.6\projects\killFruit\proj.win32\Debug.win32\link.16604-rc.write.1.tlog
E:\cocos2d-x-2.2.6\projects\killFruit\proj.win32\Debug.win32\link.16604.read.1.tlog
E:\cocos2d-x-2.2.6\projects\killFruit\proj.win32\Debug.win32\link.16604.write.1.tlog
E:\cocos2d-x-2.2.6\projects\killFruit\proj.win32\Debug.win32\link.16820-cvtres.read.1.tlog
E:\cocos2d-x-2.2.6\projects\killFruit\proj.win32\Debug.win32\link.16820-cvtres.write.1.tlog
E:\cocos2d-x-2.2.6\projects\killFruit\proj.win32\Debug.win32\link.16820-rc.read.1.tlog
E:\cocos2d-x-2.2.6\projects\killFruit\proj.win32\Debug.win32\link.16820-rc.write.1.tlog
E:\cocos2d-x-2.2.6\projects\killFruit\proj.win32\Debug.win32\link.16820.read.1.tlog
E:\cocos2d-x-2.2.6\projects\killFruit\proj.win32\Debug.win32\link.16820.write.1.tlog
E:\cocos2d-x-2.2.6\projects\killFruit\proj.win32\Debug.win32\link.1700-cvtres.read.1.tlog
E:\cocos2d-x-2.2.6\projects\killFruit\proj.win32\Debug.win32\link.1700-cvtres.write.1.tlog
E:\cocos2d-x-2.2.6\projects\killFruit\proj.win32\Debug.win32\link.1700-rc.read.1.tlog
E:\cocos2d-x-2.2.6\projects\killFruit\proj.win32\Debug.win32\link.1700-rc.write.1.tlog
E:\cocos2d-x-2.2.6\projects\killFruit\proj.win32\Debug.win32\link.1700.read.1.tlog
E:\cocos2d-x-2.2.6\projects\killFruit\proj.win32\Debug.win32\link.1700.write.1.tlog
E:\cocos2d-x-2.2.6\projects\killFruit\proj.win32\Debug.win32\link.17328-cvtres.read.1.tlog
E:\cocos2d-x-2.2.6\projects\killFruit\proj.win32\Debug.win32\link.17328-cvtres.write.1.tlog
E:\cocos2d-x-2.2.6\projects\killFruit\proj.win32\Debug.win32\link.17328-rc.read.1.tlog
E:\cocos2d-x-2.2.6\projects\killFruit\proj.win32\Debug.win32\link.17328-rc.write.1.tlog
E:\cocos2d-x-2.2.6\projects\killFruit\proj.win32\Debug.win32\link.17328.read.1.tlog
E:\cocos2d-x-2.2.6\projects\killFruit\proj.win32\Debug.win32\link.17328.write.1.tlog
E:\cocos2d-x-2.2.6\projects\killFruit\proj.win32\Debug.win32\link.18596-cvtres.read.1.tlog
E:\cocos2d-x-2.2.6\projects\killFruit\proj.win32\Debug.win32\link.18596-cvtres.write.1.tlog
E:\cocos2d-x-2.2.6\projects\killFruit\proj.win32\Debug.win32\link.18596-rc.read.1.tlog
E:\cocos2d-x-2.2.6\projects\killFruit\proj.win32\Debug.win32\link.18596-rc.write.1.tlog
E:\cocos2d-x-2.2.6\projects\killFruit\proj.win32\Debug.win32\link.18596.read.1.tlog
E:\cocos2d-x-2.2.6\projects\killFruit\proj.win32\Debug.win32\link.18596.write.1.tlog
E:\cocos2d-x-2.2.6\projects\killFruit\proj.win32\Debug.win32\link.19180-cvtres.read.1.tlog
E:\cocos2d-x-2.2.6\projects\killFruit\proj.win32\Debug.win32\link.19180-cvtres.write.1.tlog
E:\cocos2d-x-2.2.6\projects\killFruit\proj.win32\Debug.win32\link.19180-rc.read.1.tlog
E:\cocos2d-x-2.2.6\projects\killFruit\proj.win32\Debug.win32\link.19180-rc.write.1.tlog
E:\cocos2d-x-2.2.6\projects\killFruit\proj.win32\Debug.win32\link.19180.read.1.tlog
E:\cocos2d-x-2.2.6\projects\killFruit\proj.win32\Debug.win32\link.19180.write.1.tlog
E:\cocos2d-x-2.2.6\projects\killFruit\proj.win32\Debug.win32\link.1924-cvtres.read.1.tlog
E:\cocos2d-x-2.2.6\projects\killFruit\proj.win32\Debug.win32\link.1924-cvtres.write.1.tlog
E:\cocos2d-x-2.2.6\projects\killFruit\proj.win32\Debug.win32\link.1924-rc.read.1.tlog
E:\cocos2d-x-2.2.6\projects\killFruit\proj.win32\Debug.win32\link.1924-rc.write.1.tlog
E:\cocos2d-x-2.2.6\projects\killFruit\proj.win32\Debug.win32\link.1924.read.1.tlog
E:\cocos2d-x-2.2.6\projects\killFruit\proj.win32\Debug.win32\link.1924.write.1.tlog
E:\cocos2d-x-2.2.6\projects\killFruit\proj.win32\Debug.win32\link.19536-cvtres.read.1.tlog
E:\cocos2d-x-2.2.6\projects\killFruit\proj.win32\Debug.win32\link.19536-cvtres.write.1.tlog
E:\cocos2d-x-2.2.6\projects\killFruit\proj.win32\Debug.win32\link.19536-rc.read.1.tlog
E:\cocos2d-x-2.2.6\projects\killFruit\proj.win32\Debug.win32\link.19536-rc.write.1.tlog
E:\cocos2d-x-2.2.6\projects\killFruit\proj.win32\Debug.win32\link.19536.read.1.tlog
E:\cocos2d-x-2.2.6\projects\killFruit\proj.win32\Debug.win32\link.19536.write.1.tlog
E:\cocos2d-x-2.2.6\projects\killFruit\proj.win32\Debug.win32\link.20424-cvtres.read.1.tlog
E:\cocos2d-x-2.2.6\projects\killFruit\proj.win32\Debug.win32\link.20424-cvtres.write.1.tlog
E:\cocos2d-x-2.2.6\projects\killFruit\proj.win32\Debug.win32\link.20424-rc.read.1.tlog
E:\cocos2d-x-2.2.6\projects\killFruit\proj.win32\Debug.win32\link.20424-rc.write.1.tlog
E:\cocos2d-x-2.2.6\projects\killFruit\proj.win32\Debug.win32\link.20424.read.1.tlog
E:\cocos2d-x-2.2.6\projects\killFruit\proj.win32\Debug.win32\link.20424.write.1.tlog
E:\cocos2d-x-2.2.6\projects\killFruit\proj.win32\Debug.win32\link.21056-cvtres.read.1.tlog
E:\cocos2d-x-2.2.6\projects\killFruit\proj.win32\Debug.win32\link.21056-cvtres.write.1.tlog
E:\cocos2d-x-2.2.6\projects\killFruit\proj.win32\Debug.win32\link.21056-rc.read.1.tlog
E:\cocos2d-x-2.2.6\projects\killFruit\proj.win32\Debug.win32\link.21056-rc.write.1.tlog
E:\cocos2d-x-2.2.6\projects\killFruit\proj.win32\Debug.win32\link.21056.read.1.tlog
E:\cocos2d-x-2.2.6\projects\killFruit\proj.win32\Debug.win32\link.21056.write.1.tlog
E:\cocos2d-x-2.2.6\projects\killFruit\proj.win32\Debug.win32\link.21208-cvtres.read.1.tlog
E:\cocos2d-x-2.2.6\projects\killFruit\proj.win32\Debug.win32\link.21208-cvtres.write.1.tlog
E:\cocos2d-x-2.2.6\projects\killFruit\proj.win32\Debug.win32\link.21208-rc.read.1.tlog
E:\cocos2d-x-2.2.6\projects\killFruit\proj.win32\Debug.win32\link.21208-rc.write.1.tlog
E:\cocos2d-x-2.2.6\projects\killFruit\proj.win32\Debug.win32\link.21208.read.1.tlog
E:\cocos2d-x-2.2.6\projects\killFruit\proj.win32\Debug.win32\link.21208.write.1.tlog
E:\cocos2d-x-2.2.6\projects\killFruit\proj.win32\Debug.win32\link.2652-cvtres.read.1.tlog
E:\cocos2d-x-2.2.6\projects\killFruit\proj.win32\Debug.win32\link.2652-cvtres.write.1.tlog
E:\cocos2d-x-2.2.6\projects\killFruit\proj.win32\Debug.win32\link.2652-rc.read.1.tlog
E:\cocos2d-x-2.2.6\projects\killFruit\proj.win32\Debug.win32\link.2652-rc.write.1.tlog
E:\cocos2d-x-2.2.6\projects\killFruit\proj.win32\Debug.win32\link.2652.read.1.tlog
E:\cocos2d-x-2.2.6\projects\killFruit\proj.win32\Debug.win32\link.2652.write.1.tlog
E:\cocos2d-x-2.2.6\projects\killFruit\proj.win32\Debug.win32\link.3912-cvtres.read.1.tlog
E:\cocos2d-x-2.2.6\projects\killFruit\proj.win32\Debug.win32\link.3912-cvtres.write.1.tlog
E:\cocos2d-x-2.2.6\projects\killFruit\proj.win32\Debug.win32\link.3912-rc.read.1.tlog
E:\cocos2d-x-2.2.6\projects\killFruit\proj.win32\Debug.win32\link.3912-rc.write.1.tlog
E:\cocos2d-x-2.2.6\projects\killFruit\proj.win32\Debug.win32\link.3912.read.1.tlog
E:\cocos2d-x-2.2.6\projects\killFruit\proj.win32\Debug.win32\link.3912.write.1.tlog
E:\cocos2d-x-2.2.6\projects\killFruit\proj.win32\Debug.win32\link.4140-cvtres.read.1.tlog
E:\cocos2d-x-2.2.6\projects\killFruit\proj.win32\Debug.win32\link.4140-cvtres.write.1.tlog
E:\cocos2d-x-2.2.6\projects\killFruit\proj.win32\Debug.win32\link.4140-rc.read.1.tlog
E:\cocos2d-x-2.2.6\projects\killFruit\proj.win32\Debug.win32\link.4140-rc.write.1.tlog
E:\cocos2d-x-2.2.6\projects\killFruit\proj.win32\Debug.win32\link.4140.read.1.tlog
E:\cocos2d-x-2.2.6\projects\killFruit\proj.win32\Debug.win32\link.4140.write.1.tlog
E:\cocos2d-x-2.2.6\projects\killFruit\proj.win32\Debug.win32\link.4268-cvtres.read.1.tlog
E:\cocos2d-x-2.2.6\projects\killFruit\proj.win32\Debug.win32\link.4268-cvtres.write.1.tlog
E:\cocos2d-x-2.2.6\projects\killFruit\proj.win32\Debug.win32\link.4268-rc.read.1.tlog
E:\cocos2d-x-2.2.6\projects\killFruit\proj.win32\Debug.win32\link.4268-rc.write.1.tlog
E:\cocos2d-x-2.2.6\projects\killFruit\proj.win32\Debug.win32\link.4268.read.1.tlog
E:\cocos2d-x-2.2.6\projects\killFruit\proj.win32\Debug.win32\link.4268.write.1.tlog
E:\cocos2d-x-2.2.6\projects\killFruit\proj.win32\Debug.win32\link.44748-cvtres.read.1.tlog
E:\cocos2d-x-2.2.6\projects\killFruit\proj.win32\Debug.win32\link.44748-cvtres.write.1.tlog
E:\cocos2d-x-2.2.6\projects\killFruit\proj.win32\Debug.win32\link.44748-rc.read.1.tlog
E:\cocos2d-x-2.2.6\projects\killFruit\proj.win32\Debug.win32\link.44748-rc.write.1.tlog
E:\cocos2d-x-2.2.6\projects\killFruit\proj.win32\Debug.win32\link.44748.read.1.tlog
E:\cocos2d-x-2.2.6\projects\killFruit\proj.win32\Debug.win32\link.44748.write.1.tlog
E:\cocos2d-x-2.2.6\projects\killFruit\proj.win32\Debug.win32\link.4848-cvtres.read.1.tlog
E:\cocos2d-x-2.2.6\projects\killFruit\proj.win32\Debug.win32\link.4848-cvtres.write.1.tlog
E:\cocos2d-x-2.2.6\projects\killFruit\proj.win32\Debug.win32\link.4848-rc.read.1.tlog
E:\cocos2d-x-2.2.6\projects\killFruit\proj.win32\Debug.win32\link.4848-rc.write.1.tlog
E:\cocos2d-x-2.2.6\projects\killFruit\proj.win32\Debug.win32\link.4848.read.1.tlog
E:\cocos2d-x-2.2.6\projects\killFruit\proj.win32\Debug.win32\link.4848.write.1.tlog
E:\cocos2d-x-2.2.6\projects\killFruit\proj.win32\Debug.win32\link.5128-cvtres.read.1.tlog
E:\cocos2d-x-2.2.6\projects\killFruit\proj.win32\Debug.win32\link.5128-cvtres.write.1.tlog
E:\cocos2d-x-2.2.6\projects\killFruit\proj.win32\Debug.win32\link.5128-rc.read.1.tlog
E:\cocos2d-x-2.2.6\projects\killFruit\proj.win32\Debug.win32\link.5128-rc.write.1.tlog
E:\cocos2d-x-2.2.6\projects\killFruit\proj.win32\Debug.win32\link.5128.read.1.tlog
E:\cocos2d-x-2.2.6\projects\killFruit\proj.win32\Debug.win32\link.5128.write.1.tlog
E:\cocos2d-x-2.2.6\projects\killFruit\proj.win32\Debug.win32\link.5196-cvtres.read.1.tlog
E:\cocos2d-x-2.2.6\projects\killFruit\proj.win32\Debug.win32\link.5196-cvtres.write.1.tlog
E:\cocos2d-x-2.2.6\projects\killFruit\proj.win32\Debug.win32\link.5196-rc.read.1.tlog
E:\cocos2d-x-2.2.6\projects\killFruit\proj.win32\Debug.win32\link.5196-rc.write.1.tlog
E:\cocos2d-x-2.2.6\projects\killFruit\proj.win32\Debug.win32\link.5196.read.1.tlog
E:\cocos2d-x-2.2.6\projects\killFruit\proj.win32\Debug.win32\link.5196.write.1.tlog
E:\cocos2d-x-2.2.6\projects\killFruit\proj.win32\Debug.win32\link.5368-cvtres.read.1.tlog
E:\cocos2d-x-2.2.6\projects\killFruit\proj.win32\Debug.win32\link.5368-cvtres.write.1.tlog
E:\cocos2d-x-2.2.6\projects\killFruit\proj.win32\Debug.win32\link.5368-rc.read.1.tlog
E:\cocos2d-x-2.2.6\projects\killFruit\proj.win32\Debug.win32\link.5368-rc.write.1.tlog
E:\cocos2d-x-2.2.6\projects\killFruit\proj.win32\Debug.win32\link.5368.read.1.tlog
E:\cocos2d-x-2.2.6\projects\killFruit\proj.win32\Debug.win32\link.5368.write.1.tlog
E:\cocos2d-x-2.2.6\projects\killFruit\proj.win32\Debug.win32\link.56160-cvtres.read.1.tlog
E:\cocos2d-x-2.2.6\projects\killFruit\proj.win32\Debug.win32\link.56160-cvtres.write.1.tlog
E:\cocos2d-x-2.2.6\projects\killFruit\proj.win32\Debug.win32\link.56160-rc.read.1.tlog
E:\cocos2d-x-2.2.6\projects\killFruit\proj.win32\Debug.win32\link.56160-rc.write.1.tlog
E:\cocos2d-x-2.2.6\projects\killFruit\proj.win32\Debug.win32\link.56160.read.1.tlog
E:\cocos2d-x-2.2.6\projects\killFruit\proj.win32\Debug.win32\link.56160.write.1.tlog
E:\cocos2d-x-2.2.6\projects\killFruit\proj.win32\Debug.win32\link.5620-cvtres.read.1.tlog
E:\cocos2d-x-2.2.6\projects\killFruit\proj.win32\Debug.win32\link.5620-cvtres.write.1.tlog
E:\cocos2d-x-2.2.6\projects\killFruit\proj.win32\Debug.win32\link.5620-rc.read.1.tlog
E:\cocos2d-x-2.2.6\projects\killFruit\proj.win32\Debug.win32\link.5620-rc.write.1.tlog
E:\cocos2d-x-2.2.6\projects\killFruit\proj.win32\Debug.win32\link.5620.read.1.tlog
E:\cocos2d-x-2.2.6\projects\killFruit\proj.win32\Debug.win32\link.5620.write.1.tlog
E:\cocos2d-x-2.2.6\projects\killFruit\proj.win32\Debug.win32\link.5756-cvtres.read.1.tlog
E:\cocos2d-x-2.2.6\projects\killFruit\proj.win32\Debug.win32\link.5756-cvtres.write.1.tlog
E:\cocos2d-x-2.2.6\projects\killFruit\proj.win32\Debug.win32\link.5756-rc.read.1.tlog
E:\cocos2d-x-2.2.6\projects\killFruit\proj.win32\Debug.win32\link.5756-rc.write.1.tlog
E:\cocos2d-x-2.2.6\projects\killFruit\proj.win32\Debug.win32\link.5756.read.1.tlog
E:\cocos2d-x-2.2.6\projects\killFruit\proj.win32\Debug.win32\link.5756.write.1.tlog
E:\cocos2d-x-2.2.6\projects\killFruit\proj.win32\Debug.win32\link.5856-cvtres.read.1.tlog
E:\cocos2d-x-2.2.6\projects\killFruit\proj.win32\Debug.win32\link.5856-cvtres.write.1.tlog
E:\cocos2d-x-2.2.6\projects\killFruit\proj.win32\Debug.win32\link.5856-rc.read.1.tlog
E:\cocos2d-x-2.2.6\projects\killFruit\proj.win32\Debug.win32\link.5856-rc.write.1.tlog
E:\cocos2d-x-2.2.6\projects\killFruit\proj.win32\Debug.win32\link.5856.read.1.tlog
E:\cocos2d-x-2.2.6\projects\killFruit\proj.win32\Debug.win32\link.5856.write.1.tlog
E:\cocos2d-x-2.2.6\projects\killFruit\proj.win32\Debug.win32\link.59500-cvtres.read.1.tlog
E:\cocos2d-x-2.2.6\projects\killFruit\proj.win32\Debug.win32\link.59500-cvtres.write.1.tlog
E:\cocos2d-x-2.2.6\projects\killFruit\proj.win32\Debug.win32\link.59500-rc.read.1.tlog
E:\cocos2d-x-2.2.6\projects\killFruit\proj.win32\Debug.win32\link.59500-rc.write.1.tlog
E:\cocos2d-x-2.2.6\projects\killFruit\proj.win32\Debug.win32\link.59500.read.1.tlog
E:\cocos2d-x-2.2.6\projects\killFruit\proj.win32\Debug.win32\link.59500.write.1.tlog
E:\cocos2d-x-2.2.6\projects\killFruit\proj.win32\Debug.win32\link.60228-cvtres.read.1.tlog
E:\cocos2d-x-2.2.6\projects\killFruit\proj.win32\Debug.win32\link.60228-cvtres.write.1.tlog
E:\cocos2d-x-2.2.6\projects\killFruit\proj.win32\Debug.win32\link.60228-rc.read.1.tlog
E:\cocos2d-x-2.2.6\projects\killFruit\proj.win32\Debug.win32\link.60228-rc.write.1.tlog
E:\cocos2d-x-2.2.6\projects\killFruit\proj.win32\Debug.win32\link.60228.read.1.tlog
E:\cocos2d-x-2.2.6\projects\killFruit\proj.win32\Debug.win32\link.60228.write.1.tlog
E:\cocos2d-x-2.2.6\projects\killFruit\proj.win32\Debug.win32\link.60340-cvtres.read.1.tlog
E:\cocos2d-x-2.2.6\projects\killFruit\proj.win32\Debug.win32\link.60340-cvtres.write.1.tlog
E:\cocos2d-x-2.2.6\projects\killFruit\proj.win32\Debug.win32\link.60340-rc.read.1.tlog
E:\cocos2d-x-2.2.6\projects\killFruit\proj.win32\Debug.win32\link.60340-rc.write.1.tlog
E:\cocos2d-x-2.2.6\projects\killFruit\proj.win32\Debug.win32\link.60340.read.1.tlog
E:\cocos2d-x-2.2.6\projects\killFruit\proj.win32\Debug.win32\link.60340.write.1.tlog
E:\cocos2d-x-2.2.6\projects\killFruit\proj.win32\Debug.win32\link.60696-cvtres.read.1.tlog
E:\cocos2d-x-2.2.6\projects\killFruit\proj.win32\Debug.win32\link.60696-cvtres.write.1.tlog
E:\cocos2d-x-2.2.6\projects\killFruit\proj.win32\Debug.win32\link.60696-rc.read.1.tlog
E:\cocos2d-x-2.2.6\projects\killFruit\proj.win32\Debug.win32\link.60696-rc.write.1.tlog
E:\cocos2d-x-2.2.6\projects\killFruit\proj.win32\Debug.win32\link.60696.read.1.tlog
E:\cocos2d-x-2.2.6\projects\killFruit\proj.win32\Debug.win32\link.60696.write.1.tlog
E:\cocos2d-x-2.2.6\projects\killFruit\proj.win32\Debug.win32\link.60836-cvtres.read.1.tlog
E:\cocos2d-x-2.2.6\projects\killFruit\proj.win32\Debug.win32\link.60836-cvtres.write.1.tlog
E:\cocos2d-x-2.2.6\projects\killFruit\proj.win32\Debug.win32\link.60836-rc.read.1.tlog
E:\cocos2d-x-2.2.6\projects\killFruit\proj.win32\Debug.win32\link.60836-rc.write.1.tlog
E:\cocos2d-x-2.2.6\projects\killFruit\proj.win32\Debug.win32\link.60836.read.1.tlog
E:\cocos2d-x-2.2.6\projects\killFruit\proj.win32\Debug.win32\link.60836.write.1.tlog
E:\cocos2d-x-2.2.6\projects\killFruit\proj.win32\Debug.win32\link.61104-cvtres.read.1.tlog
E:\cocos2d-x-2.2.6\projects\killFruit\proj.win32\Debug.win32\link.61104-cvtres.write.1.tlog
E:\cocos2d-x-2.2.6\projects\killFruit\proj.win32\Debug.win32\link.61104-rc.read.1.tlog
E:\cocos2d-x-2.2.6\projects\killFruit\proj.win32\Debug.win32\link.61104-rc.write.1.tlog
E:\cocos2d-x-2.2.6\projects\killFruit\proj.win32\Debug.win32\link.61104.read.1.tlog
E:\cocos2d-x-2.2.6\projects\killFruit\proj.win32\Debug.win32\link.61104.write.1.tlog
E:\cocos2d-x-2.2.6\projects\killFruit\proj.win32\Debug.win32\link.6136-cvtres.read.1.tlog
E:\cocos2d-x-2.2.6\projects\killFruit\proj.win32\Debug.win32\link.6136-cvtres.write.1.tlog
E:\cocos2d-x-2.2.6\projects\killFruit\proj.win32\Debug.win32\link.6136-rc.read.1.tlog
E:\cocos2d-x-2.2.6\projects\killFruit\proj.win32\Debug.win32\link.6136-rc.write.1.tlog
E:\cocos2d-x-2.2.6\projects\killFruit\proj.win32\Debug.win32\link.6136.read.1.tlog
E:\cocos2d-x-2.2.6\projects\killFruit\proj.win32\Debug.win32\link.6136.write.1.tlog
E:\cocos2d-x-2.2.6\projects\killFruit\proj.win32\Debug.win32\link.61460-cvtres.read.1.tlog
E:\cocos2d-x-2.2.6\projects\killFruit\proj.win32\Debug.win32\link.61460-cvtres.write.1.tlog
E:\cocos2d-x-2.2.6\projects\killFruit\proj.win32\Debug.win32\link.61460-rc.read.1.tlog
E:\cocos2d-x-2.2.6\projects\killFruit\proj.win32\Debug.win32\link.61460-rc.write.1.tlog
E:\cocos2d-x-2.2.6\projects\killFruit\proj.win32\Debug.win32\link.61460.read.1.tlog
E:\cocos2d-x-2.2.6\projects\killFruit\proj.win32\Debug.win32\link.61460.write.1.tlog
E:\cocos2d-x-2.2.6\projects\killFruit\proj.win32\Debug.win32\link.6168-cvtres.read.1.tlog
E:\cocos2d-x-2.2.6\projects\killFruit\proj.win32\Debug.win32\link.6168-cvtres.write.1.tlog
E:\cocos2d-x-2.2.6\projects\killFruit\proj.win32\Debug.win32\link.6168-rc.read.1.tlog
E:\cocos2d-x-2.2.6\projects\killFruit\proj.win32\Debug.win32\link.6168-rc.write.1.tlog
E:\cocos2d-x-2.2.6\projects\killFruit\proj.win32\Debug.win32\link.6168.read.1.tlog
E:\cocos2d-x-2.2.6\projects\killFruit\proj.win32\Debug.win32\link.6168.write.1.tlog
E:\cocos2d-x-2.2.6\projects\killFruit\proj.win32\Debug.win32\link.62532-cvtres.read.1.tlog
E:\cocos2d-x-2.2.6\projects\killFruit\proj.win32\Debug.win32\link.62532-cvtres.write.1.tlog
E:\cocos2d-x-2.2.6\projects\killFruit\proj.win32\Debug.win32\link.62532-rc.read.1.tlog
E:\cocos2d-x-2.2.6\projects\killFruit\proj.win32\Debug.win32\link.62532-rc.write.1.tlog
E:\cocos2d-x-2.2.6\projects\killFruit\proj.win32\Debug.win32\link.62532.read.1.tlog
E:\cocos2d-x-2.2.6\projects\killFruit\proj.win32\Debug.win32\link.62532.write.1.tlog
E:\cocos2d-x-2.2.6\projects\killFruit\proj.win32\Debug.win32\link.62540-cvtres.read.1.tlog
E:\cocos2d-x-2.2.6\projects\killFruit\proj.win32\Debug.win32\link.62540-cvtres.write.1.tlog
E:\cocos2d-x-2.2.6\projects\killFruit\proj.win32\Debug.win32\link.62540-rc.read.1.tlog
E:\cocos2d-x-2.2.6\projects\killFruit\proj.win32\Debug.win32\link.62540-rc.write.1.tlog
E:\cocos2d-x-2.2.6\projects\killFruit\proj.win32\Debug.win32\link.62540.read.1.tlog
E:\cocos2d-x-2.2.6\projects\killFruit\proj.win32\Debug.win32\link.62540.write.1.tlog
E:\cocos2d-x-2.2.6\projects\killFruit\proj.win32\Debug.win32\link.6348-cvtres.read.1.tlog
E:\cocos2d-x-2.2.6\projects\killFruit\proj.win32\Debug.win32\link.6348-cvtres.write.1.tlog
E:\cocos2d-x-2.2.6\projects\killFruit\proj.win32\Debug.win32\link.6348-rc.read.1.tlog
E:\cocos2d-x-2.2.6\projects\killFruit\proj.win32\Debug.win32\link.6348-rc.write.1.tlog
E:\cocos2d-x-2.2.6\projects\killFruit\proj.win32\Debug.win32\link.6348.read.1.tlog
E:\cocos2d-x-2.2.6\projects\killFruit\proj.win32\Debug.win32\link.6348.write.1.tlog
E:\cocos2d-x-2.2.6\projects\killFruit\proj.win32\Debug.win32\link.63512-cvtres.read.1.tlog
E:\cocos2d-x-2.2.6\projects\killFruit\proj.win32\Debug.win32\link.63512-cvtres.write.1.tlog
E:\cocos2d-x-2.2.6\projects\killFruit\proj.win32\Debug.win32\link.63512-rc.read.1.tlog
E:\cocos2d-x-2.2.6\projects\killFruit\proj.win32\Debug.win32\link.63512-rc.write.1.tlog
E:\cocos2d-x-2.2.6\projects\killFruit\proj.win32\Debug.win32\link.63512.read.1.tlog
E:\cocos2d-x-2.2.6\projects\killFruit\proj.win32\Debug.win32\link.63512.write.1.tlog
E:\cocos2d-x-2.2.6\projects\killFruit\proj.win32\Debug.win32\link.63524-cvtres.read.1.tlog
E:\cocos2d-x-2.2.6\projects\killFruit\proj.win32\Debug.win32\link.63524-cvtres.write.1.tlog
E:\cocos2d-x-2.2.6\projects\killFruit\proj.win32\Debug.win32\link.63524-rc.read.1.tlog
E:\cocos2d-x-2.2.6\projects\killFruit\proj.win32\Debug.win32\link.63524-rc.write.1.tlog
E:\cocos2d-x-2.2.6\projects\killFruit\proj.win32\Debug.win32\link.63524.read.1.tlog
E:\cocos2d-x-2.2.6\projects\killFruit\proj.win32\Debug.win32\link.63524.write.1.tlog
E:\cocos2d-x-2.2.6\projects\killFruit\proj.win32\Debug.win32\link.63920-cvtres.read.1.tlog
E:\cocos2d-x-2.2.6\projects\killFruit\proj.win32\Debug.win32\link.63920-cvtres.write.1.tlog
E:\cocos2d-x-2.2.6\projects\killFruit\proj.win32\Debug.win32\link.63920-rc.read.1.tlog
E:\cocos2d-x-2.2.6\projects\killFruit\proj.win32\Debug.win32\link.63920-rc.write.1.tlog
E:\cocos2d-x-2.2.6\projects\killFruit\proj.win32\Debug.win32\link.63920.read.1.tlog
E:\cocos2d-x-2.2.6\projects\killFruit\proj.win32\Debug.win32\link.63920.write.1.tlog
E:\cocos2d-x-2.2.6\projects\killFruit\proj.win32\Debug.win32\link.64656-cvtres.read.1.tlog
E:\cocos2d-x-2.2.6\projects\killFruit\proj.win32\Debug.win32\link.64656-cvtres.write.1.tlog
E:\cocos2d-x-2.2.6\projects\killFruit\proj.win32\Debug.win32\link.64656-rc.read.1.tlog
E:\cocos2d-x-2.2.6\projects\killFruit\proj.win32\Debug.win32\link.64656-rc.write.1.tlog
E:\cocos2d-x-2.2.6\projects\killFruit\proj.win32\Debug.win32\link.64656.read.1.tlog
E:\cocos2d-x-2.2.6\projects\killFruit\proj.win32\Debug.win32\link.64656.write.1.tlog
E:\cocos2d-x-2.2.6\projects\killFruit\proj.win32\Debug.win32\link.65112-cvtres.read.1.tlog
E:\cocos2d-x-2.2.6\projects\killFruit\proj.win32\Debug.win32\link.65112-cvtres.write.1.tlog
E:\cocos2d-x-2.2.6\projects\killFruit\proj.win32\Debug.win32\link.65112-rc.read.1.tlog
E:\cocos2d-x-2.2.6\projects\killFruit\proj.win32\Debug.win32\link.65112-rc.write.1.tlog
E:\cocos2d-x-2.2.6\projects\killFruit\proj.win32\Debug.win32\link.65112.read.1.tlog
E:\cocos2d-x-2.2.6\projects\killFruit\proj.win32\Debug.win32\link.65112.write.1.tlog
E:\cocos2d-x-2.2.6\projects\killFruit\proj.win32\Debug.win32\link.65296-cvtres.read.1.tlog
E:\cocos2d-x-2.2.6\projects\killFruit\proj.win32\Debug.win32\link.65296-cvtres.write.1.tlog
E:\cocos2d-x-2.2.6\projects\killFruit\proj.win32\Debug.win32\link.65296-rc.read.1.tlog
E:\cocos2d-x-2.2.6\projects\killFruit\proj.win32\Debug.win32\link.65296-rc.write.1.tlog
E:\cocos2d-x-2.2.6\projects\killFruit\proj.win32\Debug.win32\link.65296.read.1.tlog
E:\cocos2d-x-2.2.6\projects\killFruit\proj.win32\Debug.win32\link.65296.write.1.tlog
E:\cocos2d-x-2.2.6\projects\killFruit\proj.win32\Debug.win32\link.6868-cvtres.read.1.tlog
E:\cocos2d-x-2.2.6\projects\killFruit\proj.win32\Debug.win32\link.6868-cvtres.write.1.tlog
E:\cocos2d-x-2.2.6\projects\killFruit\proj.win32\Debug.win32\link.6868-rc.read.1.tlog
E:\cocos2d-x-2.2.6\projects\killFruit\proj.win32\Debug.win32\link.6868-rc.write.1.tlog
E:\cocos2d-x-2.2.6\projects\killFruit\proj.win32\Debug.win32\link.6868.read.1.tlog
E:\cocos2d-x-2.2.6\projects\killFruit\proj.win32\Debug.win32\link.6868.write.1.tlog
E:\cocos2d-x-2.2.6\projects\killFruit\proj.win32\Debug.win32\link.7248-cvtres.read.1.tlog
E:\cocos2d-x-2.2.6\projects\killFruit\proj.win32\Debug.win32\link.7248-cvtres.write.1.tlog
E:\cocos2d-x-2.2.6\projects\killFruit\proj.win32\Debug.win32\link.7248-rc.read.1.tlog
E:\cocos2d-x-2.2.6\projects\killFruit\proj.win32\Debug.win32\link.7248-rc.write.1.tlog
E:\cocos2d-x-2.2.6\projects\killFruit\proj.win32\Debug.win32\link.7248.read.1.tlog
E:\cocos2d-x-2.2.6\projects\killFruit\proj.win32\Debug.win32\link.7248.write.1.tlog
E:\cocos2d-x-2.2.6\projects\killFruit\proj.win32\Debug.win32\link.7444-cvtres.read.1.tlog
E:\cocos2d-x-2.2.6\projects\killFruit\proj.win32\Debug.win32\link.7444-cvtres.write.1.tlog
E:\cocos2d-x-2.2.6\projects\killFruit\proj.win32\Debug.win32\link.7444-rc.read.1.tlog
E:\cocos2d-x-2.2.6\projects\killFruit\proj.win32\Debug.win32\link.7444-rc.write.1.tlog
E:\cocos2d-x-2.2.6\projects\killFruit\proj.win32\Debug.win32\link.7444.read.1.tlog
E:\cocos2d-x-2.2.6\projects\killFruit\proj.win32\Debug.win32\link.7444.write.1.tlog
E:\cocos2d-x-2.2.6\projects\killFruit\proj.win32\Debug.win32\link.7468-cvtres.read.1.tlog
E:\cocos2d-x-2.2.6\projects\killFruit\proj.win32\Debug.win32\link.7468-cvtres.write.1.tlog
E:\cocos2d-x-2.2.6\projects\killFruit\proj.win32\Debug.win32\link.7468-rc.read.1.tlog
E:\cocos2d-x-2.2.6\projects\killFruit\proj.win32\Debug.win32\link.7468-rc.write.1.tlog
E:\cocos2d-x-2.2.6\projects\killFruit\proj.win32\Debug.win32\link.7468.read.1.tlog
E:\cocos2d-x-2.2.6\projects\killFruit\proj.win32\Debug.win32\link.7468.write.1.tlog
E:\cocos2d-x-2.2.6\projects\killFruit\proj.win32\Debug.win32\link.804-cvtres.read.1.tlog
E:\cocos2d-x-2.2.6\projects\killFruit\proj.win32\Debug.win32\link.804-cvtres.write.1.tlog
E:\cocos2d-x-2.2.6\projects\killFruit\proj.win32\Debug.win32\link.804-rc.read.1.tlog
E:\cocos2d-x-2.2.6\projects\killFruit\proj.win32\Debug.win32\link.804-rc.write.1.tlog
E:\cocos2d-x-2.2.6\projects\killFruit\proj.win32\Debug.win32\link.804.read.1.tlog
E:\cocos2d-x-2.2.6\projects\killFruit\proj.win32\Debug.win32\link.804.write.1.tlog
E:\cocos2d-x-2.2.6\projects\killFruit\proj.win32\Debug.win32\link.8140-cvtres.read.1.tlog
E:\cocos2d-x-2.2.6\projects\killFruit\proj.win32\Debug.win32\link.8140-cvtres.write.1.tlog
E:\cocos2d-x-2.2.6\projects\killFruit\proj.win32\Debug.win32\link.8140-rc.read.1.tlog
E:\cocos2d-x-2.2.6\projects\killFruit\proj.win32\Debug.win32\link.8140-rc.write.1.tlog
E:\cocos2d-x-2.2.6\projects\killFruit\proj.win32\Debug.win32\link.8140.read.1.tlog
E:\cocos2d-x-2.2.6\projects\killFruit\proj.win32\Debug.win32\link.8140.write.1.tlog
E:\cocos2d-x-2.2.6\projects\killFruit\proj.win32\Debug.win32\link.command.1.tlog
E:\cocos2d-x-2.2.6\projects\killFruit\proj.win32\Debug.win32\link.read.1.tlog
E:\cocos2d-x-2.2.6\projects\killFruit\proj.win32\Debug.win32\link.write.1.tlog
E:\cocos2d-x-2.2.6\projects\killFruit\proj.win32\Debug.win32\libcocos2d.exp
E:\cocos2d-x-2.2.6\projects\killFruit\proj.win32\Debug.win32\libCocosDenshion.exp
E:\cocos2d-x-2.2.6\projects\killFruit\proj.win32\Debug.win32\libExtensions.exp
E:\cocos2d-x-2.2.6\projects\killFruit\proj.win32\Debug.win32\vc110.idb
E:\cocos2d-x-2.2.6\projects\killFruit\proj.win32\Debug.win32\killFruit.pdb
E:\cocos2d-x-2.2.6\projects\killFruit\proj.win32\Debug.win32\libcocos2d.pdb
E:\cocos2d-x-2.2.6\projects\killFruit\proj.win32\Debug.win32\libCocosDenshion.pdb
E:\cocos2d-x-2.2.6\projects\killFruit\proj.win32\Debug.win32\libExtensions.pdb
E:\cocos2d-x-2.2.6\projects\killFruit\proj.win32\Debug.win32\vc110.pdb
E:\cocos2d-x-2.2.6\projects\killFruit\proj.win32\Debug.win32\UserDefault.xml
E:\cocos2d-x-2.2.6\projects\killFruit\proj.win32\Debug.win32\killFruit.exe
